<?xml version="1.0" encoding="UTF-8"?>
<testsuite xmlns:xsi="http://www.w3.org/2001/XMLSchema-instance" xsi:noNamespaceSchemaLocation="https://maven.apache.org/surefire/maven-surefire-plugin/xsd/surefire-test-report.xsd" name="TestLearning" time="0.093" tests="4" errors="0" skipped="0" failures="0">
  <properties>
[...]
</properties>
  <testcase name="shouldAnswerWithTrue" classname="TestLearning" time="0.006"/>
  <testcase name="testArray" classname="TestLearning" time="0.048"/>
  <testcase name="testAMAinArray" classname="TestLearning" time="0.001"/>
  <testcase name="testAMAinArrayList" classname="TestLearning" time="0.005"/>
</testsuite>